<?xml version="1.0" encoding="UTF-8" ?>
<testsuite errors="0" failures="0" name="ru.mss.ip.pms.techlog.tests.PushQsnServiceTest" tests="1" time="0.000">
      <testcase name="testPushQsn" time="0.000" />

  </testsuite>
